2014-05-17 05:46:38.949+0000 INFO  [org.neo4j]: --- INITIALIZED diagnostics START ---
2014-05-17 05:46:39.041+0000 INFO  [org.neo4j]: Neo4j Kernel properties:
    neostore.propertystore.db.mapped_memory=51M
    neostore.nodestore.db.mapped_memory=14M
    neostore.relationshipstore.db.mapped_memory=63M
    neostore.propertystore.db.strings.mapped_memory=44M
    store_dir=data
    neostore.propertystore.db.arrays.mapped_memory=50M
    ephemeral=false
2014-05-17 05:46:39.054+0000 INFO  [org.neo4j]: Diagnostics providers:
    org.neo4j.kernel.configuration.Config
    org.neo4j.kernel.info.DiagnosticsManager
    SYSTEM_MEMORY
    JAVA_MEMORY
    OPERATING_SYSTEM
    JAVA_VIRTUAL_MACHINE
    CLASSPATH
    LIBRARY_PATH
    SYSTEM_PROPERTIES
    NETWORK
2014-05-17 05:46:39.054+0000 INFO  [org.neo4j]: System memory information:
    Total Physical memory: 3.70 GB
    Free Physical memory: 942.75 MB
    Committed virtual memory: 168.88 MB
    Total swap space: 7.41 GB
    Free swap space: 3.21 GB
2014-05-17 05:46:39.061+0000 INFO  [org.neo4j]: JVM memory information:
    Free  memory: 43.45 MB
    Total memory: 72.00 MB
    Max   memory: 844.50 MB
    Garbage Collector: PS Scavenge: [PS Eden Space, PS Survivor Space]
    Garbage Collector: PS MarkSweep: [PS Eden Space, PS Survivor Space, PS Old Gen, PS Perm Gen]
    Memory Pool: Code Cache (Non-heap memory): committed=2.44 MB, used=684.06 kB, max=48.00 MB, threshold=0.00 B
    Memory Pool: PS Eden Space (Heap memory): committed=30.00 MB, used=26.46 MB, max=312.00 MB, threshold=?
    Memory Pool: PS Survivor Space (Heap memory): committed=2.50 MB, used=2.08 MB, max=2.50 MB, threshold=?
    Memory Pool: PS Old Gen (Heap memory): committed=39.50 MB, used=16.00 kB, max=633.00 MB, threshold=0.00 B
    Memory Pool: PS Perm Gen (Non-heap memory): committed=21.00 MB, used=8.09 MB, max=82.00 MB, threshold=0.00 B
2014-05-17 05:46:39.115+0000 INFO  [org.neo4j]: Operating system information:
    Operating System: Windows 7; version: 6.1; arch: amd64; cpus: 4
    Process id: 9180@work
    Byte order: LITTLE_ENDIAN
    Local timezone: Asia/Shanghai
2014-05-17 05:46:39.231+0000 INFO  [org.neo4j]: JVM information:
    VM Name: Java HotSpot(TM) 64-Bit Server VM
    VM Vendor: Oracle Corporation
    VM Version: 24.55-b03
    JIT compiler: HotSpot 64-Bit Tiered Compilers
    VM Arguments: [-Dfile.encoding=UTF-8]
2014-05-17 05:46:39.232+0000 INFO  [org.neo4j]: Java classpath:
     [loader.1] file:/D:/Program%20Files/Java/jre7/lib/ext/dnsns.jar
     [loader.1] file:/D:/Program%20Files/Java/jre7/lib/ext/zipfs.jar
     [loader.1] file:/D:/Program%20Files/Java/jre7/lib/ext/access-bridge-64.jar
     [classpath + loader.0] file:/D:/view/antsoldier/antsoldier-common/antsoldier-neo4j/lib/commons-logging-1.1.1.jar
     [classpath] E:\jar\java 监测\jnotify-lib-0.93\jnotify-lib-0.93\jnotify-0.93.jar
     [classpath + loader.0] file:/D:/ywj/ThreadPool/lib/jackson-core-asl-1.9.4.jar
     [classpath + loader.0] file:/D:/ywj/ThreadPool/lib/ojdbc6-11.1.0.7.jar
     [classpath + loader.0] file:/E:/jar/neo4j/neo4j-udc-2.0.1.jar
     [loader.1] file:/D:/Program%20Files/Java/jre7/lib/ext/sunec.jar
     [classpath + loader.0] file:/D:/view/antsoldier/antsoldier-common/antsoldier-neo4j/lib/lucene-core-3.5.0.jar
     [loader.0] file:/E:/jar/java%20%e7%9b%91%e6%b5%8b/jpathwatch-0-95.jar
     [classpath + loader.0] file:/E:/jar/neo4j/jersey-client-2.0.jar
     [classpath + loader.0] file:/D:/ywj/ThreadPool/lib/mysql-connector-java-5.1.6.jar
     [classpath + loader.0] file:/D:/view/antsoldier/antsoldier-common/antsoldier-neo4j/lib/jersey-core-1.4.jar
     [loader.1] file:/D:/Program%20Files/Java/jre7/lib/ext/localedata.jar
     [loader.0] file:/E:/jar/SSH%e6%a1%86%e6%9e%b6jar%e7%a5%9e%e5%8c%85/SSH%e6%a1%86%e6%9e%b6jar%e7%a5%9e%e5%8c%85/commons-io-1.3.2.jar
     [classpath + loader.0] file:/E:/jar/neo4j/neo4j-rest-graphdb-2.0.1.jar
     [classpath + loader.0] file:/D:/ywj/ThreadPool/lib/commons-logging-1.1.jar
     [classpath + loader.0] file:/E:/jar/neo4j/neo4j-shell-2.0.1.jar
     [classpath + loader.0] file:/D:/ywj/ThreadPool/lib/jackson-mapper-asl-1.9.4.jar
     [classpath + loader.0] file:/D:/ywj/ThreadPool/lib/log4j-1.2.12.jar
     [classpath + loader.0] file:/D:/view/antsoldier/antsoldier-common/antsoldier-neo4j/lib/jackson-jaxrs-1.9.4.jar
     [bootstrap] D:\Program Files\Java\jre7\lib\rt.jar
     [loader.0] file:/E:/jar/java%20%e7%9b%91%e6%b5%8b/jnotify-lib-0.93/jnotify-lib-0.93/jnotify-0.93.jar
     [classpath + loader.0] file:/D:/ywj/ThreadPool/lib/snmp4j-2.0.3.jar
     [classpath + loader.0] file:/E:/jar/neo4j/jersey-client-1.9.jar
     [classpath + loader.0] file:/E:/jar/neo4j/neo4j-server-2.0.1.jar
     [classpath + loader.0] file:/E:/jar/neo4j/server-api-2.0.1.jar
     [classpath + loader.0] file:/D:/view/antsoldier/antsoldier-common/antsoldier-neo4j/lib/jackson-mapper-asl-1.9.4.jar
     [bootstrap] D:\Program Files\Java\jre7\lib\jsse.jar
     [classpath + loader.0] file:/D:/view/antsoldier/antsoldier-common/antsoldier-pdk/lib/ganymed-ssh2-build210.jar
     [classpath + loader.0] file:/D:/view/antsoldier/antsoldier-common/antsoldier-neo4j/lib/commons-io-2.1.jar
     [loader.1] file:/D:/Program%20Files/Java/jre7/lib/ext/jaccess.jar
     [classpath + loader.0] file:/D:/ywj/ThreadPool/lib/httpclient-4.2.1.jar
     [bootstrap] D:\Program Files\Java\jre7\lib\sunrsasign.jar
     [classpath + loader.0] file:/E:/jar/slf4j/slf4j-api-1.5.8.jar
     [classpath + loader.0] file:/D:/ywj/ThreadPool/bin/
     [classpath + loader.0] file:/E:/jar/activemq/activemq-core-5.5.1.jar
     [classpath + loader.0] file:/D:/ywj/ThreadPool/lib/httpcore-4.2.1.jar
     [bootstrap] D:\Program Files\Java\jre7\classes
     [classpath] E:\jar\SSH框架jar神包\SSH框架jar神包\commons-io-1.3.2.jar
     [classpath + loader.0] file:/E:/jar/neo4j/neo4j-jmx-2.0.1.jar
     [classpath + loader.0] file:/E:/jar/neo4j/neo4j-kernel-2.0.0.jar
     [classpath + loader.0] file:/E:/jar/neo4j/jersey-server-1.9.jar
     [classpath + loader.0] file:/D:/view/antsoldier/antsoldier-common/antsoldier-neo4j/lib/jta-1.1.jar
     [classpath + loader.0] file:/E:/jar/activemq/geronimo-j2ee-management_1.1_spec-1.0.1.jar
     [bootstrap] D:\Program Files\Java\jre7\lib\jfr.jar
     [classpath + loader.0] file:/E:/jar/neo4j/jersey-server-2.0.jar
     [classpath + loader.0] file:/E:/jar/slf4j/slf4j-log4j12-1.5.8.jar
     [classpath + loader.0] file:/E:/jar/activemq/geronimo-jms_1.1_spec-1.1.1.jar
     [bootstrap] D:\Program Files\Java\jre7\lib\jce.jar
     [classpath + loader.0] file:/E:/jar/neo4j/neo4j-lucene-index-2.0.1.jar
     [classpath + loader.0] file:/D:/view/antsoldier/antsoldier-common/antsoldier-neo4j/lib/jersey-bundle-1.4.jar
     [classpath] E:\jar\java 监测\jpathwatch-0-95.jar
     [classpath + loader.0] file:/D:/view/antsoldier/antsoldier-common/antsoldier-neo4j/lib/jackson-core-asl-1.9.4.jar
     [classpath + loader.0] file:/D:/ywj/ThreadPool/lib/commons-lang-3.0-SNAPSHOT.jar
     [loader.1] file:/D:/Program%20Files/Java/jre7/lib/ext/sunmscapi.jar
     [loader.1] file:/D:/Program%20Files/Java/jre7/lib/ext/sunjce_provider.jar
     [bootstrap] D:\Program Files\Java\jre7\lib\resources.jar
     [bootstrap] D:\Program Files\Java\jre7\lib\charsets.jar
     [classpath + loader.0] file:/D:/view/antsoldier/antsoldier-common/antsoldier-neo4j/lib/junit-4.6.jar
2014-05-17 05:46:39.236+0000 INFO  [org.neo4j]: Library path:
    D:\Program Files\Java\jre7\bin
    C:\Windows\Sun\Java\bin
    C:\Windows\System32
    C:\Windows
    D:\Program Files (x86)\Java\jre6\bin\client
    D:\Program Files (x86)\Java\jre6\bin
    D:\Program Files (x86)\Java\jre6\lib\i386
    C:\Windows\System32
    C:\Windows
    C:\Windows\System32\wbem
    C:\Windows\System32\WindowsPowerShell\v1.0
    C:\Program Files\Intel\INTEL(R) MANAGEMENT ENGINE COMPONENTS\DAL
    C:\Program Files\Intel\INTEL(R) MANAGEMENT ENGINE COMPONENTS\IPT
    C:\Program Files (x86)\Intel\INTEL(R) MANAGEMENT ENGINE COMPONENTS\DAL
    C:\Program Files (x86)\Intel\INTEL(R) MANAGEMENT ENGINE COMPONENTS\IPT
    D:\ywj\ThreadPool
    D:\Program Files (x86)\Java\jdk1.6.0_10\bin
    D:\Program Files (x86)\Java\jdk1.6.0_10\jre\bin
    D:\Program Files (x86)\apache-maven-2.2.1\apache-maven-2.2.1\bin
    C:\Program Files (x86)\Intel\OpenCL SDK\3.0\bin\x86
    C:\Program Files (x86)\Intel\OpenCL SDK\3.0\bin\x64
    D:\Program Files (x86)\Git\cmd
    D:\Program Files (x86)\MySQL\MySQL Server 5.0\bin
    D:\Program Files\TortoiseGit\bin
    C:\Program Files\Intel\WiFi\bin
    C:\Program Files\Common Files\Intel\WirelessCommon
    D:\Program Files (x86)\SSH Communications Security\SSH Secure Shell
    D:\Program Files (x86)\MySQL\MySQL Server 5.0\bin
    C:\Program Files\Intel\WiFi\bin
    C:\Program Files\Common Files\Intel\WirelessCommon
    D:\Program Files (x86)\neo4j-community-1.7-windows\neo4j-community-1.7\bin\Neo4j.bat
    E:\eclipse-jee-kepler-SR1-win32\eclipse
    D:\ywj\ThreadPool
    D:\ywj\ThreadPool
2014-05-17 05:46:39.280+0000 INFO  [org.neo4j]: System.properties:
    sun.boot.library.path = D:\Program Files\Java\jre7\bin
    path.separator = ;
    file.encoding.pkg = sun.io
    user.country = CN
    user.script = 
    sun.java.launcher = SUN_STANDARD
    sun.os.patch.level = Service Pack 1
    user.dir = D:\ywj\ThreadPool
    user.variant = 
    sun.jnu.encoding = GBK
    sun.management.compiler = HotSpot 64-Bit Tiered Compilers
    user.home = C:\Users\Administrator
    user.timezone = Asia/Shanghai
    file.encoding = UTF-8
    user.name = Administrator
    sun.java.command = neo4j.TestNeo4j
    sun.arch.data.model = 64
    user.language = zh
    awt.toolkit = sun.awt.windows.WToolkit
    file.separator = \
    sun.io.unicode.encoding = UnicodeLittle
    sun.cpu.endian = little
    sun.desktop = windows
    sun.cpu.isalist = amd64
2014-05-17 05:46:39.293+0000 INFO  [org.neo4j]: Network information:
    Interface Software Loopback Interface 1:
        address: 127.0.0.1
        address: 0:0:0:0:0:0:0:1
    Interface WAN Miniport (SSTP):
    Interface WAN Miniport (L2TP):
    Interface WAN Miniport (PPTP):
    Interface WAN Miniport (PPPOE):
    Interface WAN Miniport (IPv6):
    Interface WAN Miniport (Network Monitor):
    Interface WAN Miniport (IP):
    Interface RAS Async Adapter:
    Interface WAN Miniport (IKEv2):
    Interface Intel(R) 82579LM Gigabit Network Connection:
    Interface Teredo Tunneling Pseudo-Interface:
    Interface Intel(R) Centrino(R) Wireless-N 2200:
    Interface Bluetooth 设备(个人区域网):
        address: fe80:0:0:0:ac71:1253:b20a:8091%14
    Interface Bluetooth 设备(RFCOMM 协议 TDI):
    Interface Teredo Tunneling Pseudo-Interface:
    Interface Teredo Tunneling Pseudo-Interface:
    Interface Microsoft Virtual WiFi Miniport Adapter:
    Interface Teredo Tunneling Pseudo-Interface:
    Interface Teredo Tunneling Pseudo-Interface:
    Interface Teredo Tunneling Pseudo-Interface:
    Interface Teredo Tunneling Pseudo-Interface:
    Interface Teredo Tunneling Pseudo-Interface:
    Interface Teredo Tunneling Pseudo-Interface:
    Interface Teredo Tunneling Pseudo-Interface:
    Interface Teredo Tunneling Pseudo-Interface:
    Interface Teredo Tunneling Pseudo-Interface:
    Interface Teredo Tunneling Pseudo-Interface:
    Interface Teredo Tunneling Pseudo-Interface:
    Interface Teredo Tunneling Pseudo-Interface:
    Interface Teredo Tunneling Pseudo-Interface:
    Interface Teredo Tunneling Pseudo-Interface:
    Interface Teredo Tunneling Pseudo-Interface:
    Interface Teredo Tunneling Pseudo-Interface:
    Interface Teredo Tunneling Pseudo-Interface:
    Interface Teredo Tunneling Pseudo-Interface:
    Interface Teredo Tunneling Pseudo-Interface:
    Interface Teredo Tunneling Pseudo-Interface:
    Interface Teredo Tunneling Pseudo-Interface:
    Interface Teredo Tunneling Pseudo-Interface:
    Interface Teredo Tunneling Pseudo-Interface:
    Interface Teredo Tunneling Pseudo-Interface:
    Interface Teredo Tunneling Pseudo-Interface:
    Interface Teredo Tunneling Pseudo-Interface:
    Interface Teredo Tunneling Pseudo-Interface:
    Interface Teredo Tunneling Pseudo-Interface:
    Interface Teredo Tunneling Pseudo-Interface:
    Interface Teredo Tunneling Pseudo-Interface:
    Interface Teredo Tunneling Pseudo-Interface:
    Interface Teredo Tunneling Pseudo-Interface:
    Interface Teredo Tunneling Pseudo-Interface:
    Interface Teredo Tunneling Pseudo-Interface:
    Interface Teredo Tunneling Pseudo-Interface:
    Interface Teredo Tunneling Pseudo-Interface:
    Interface Teredo Tunneling Pseudo-Interface:
        address: fe80:0:0:0:0:100:7f:fffe%55
    Interface VMware Virtual Ethernet Adapter for VMnet1:
        address: 192.168.1.123
        address: fe80:0:0:0:2d7d:399a:e406:e7d5%56
    Interface VMware Virtual Ethernet Adapter for VMnet8:
        address: 192.168.129.1
        address: fe80:0:0:0:445a:273d:3926:d3cf%57
    Interface MAC Bridge Miniport:
    Interface Microsoft ISATAP Adapter #3:
        address: fe80:0:0:0:0:5efe:c0a8:8101%59
    Interface Intel(R) Centrino(R) Wireless-N 2200 #2:
        address: 192.168.1.106
        address: fe80:0:0:0:c0de:4489:76d3:dd1e%60
    Interface Microsoft Virtual WiFi Miniport Adapter #2:
        address: fe80:0:0:0:84e6:b591:57b4:f9d8%61
    Interface Microsoft Virtual WiFi Miniport Adapter #3:
        address: fe80:0:0:0:c541:9ae2:b499:956f%62
    Interface Microsoft 6to4 Adapter #2:
    Interface Microsoft ISATAP Adapter #4:
        address: fe80:0:0:0:0:5efe:c0a8:17b%64
    Interface Microsoft ISATAP Adapter #7:
    Interface Microsoft ISATAP Adapter #2:
    Interface Microsoft ISATAP Adapter:
    Interface Microsoft ISATAP Adapter #5:
        address: fe80:0:0:0:0:5efe:c0a8:16a%68
    Interface Intel(R) 82579LM Gigabit Network Connection-QoS Packet Scheduler-0000:
    Interface Intel(R) 82579LM Gigabit Network Connection-WFP LightWeight Filter-0000:
    Interface Intel(R) Centrino(R) Wireless-N 2200 #2-Virtual WiFi Filter Driver-0000:
    Interface Intel(R) Centrino(R) Wireless-N 2200 #2-QoS Packet Scheduler-0000:
    Interface WAN Miniport (Network Monitor)-QoS Packet Scheduler-0000:
    Interface WAN Miniport (IP)-QoS Packet Scheduler-0000:
    Interface WAN Miniport (IPv6)-QoS Packet Scheduler-0000:
    Interface Intel(R) Centrino(R) Wireless-N 2200 #2-Native WiFi Filter Driver-0000:
    Interface Intel(R) Centrino(R) Wireless-N 2200 #2-WFP LightWeight Filter-0000:
    Interface Microsoft Virtual WiFi Miniport Adapter #2-Native WiFi Filter Driver-0000:
    Interface Microsoft Virtual WiFi Miniport Adapter #2-QoS Packet Scheduler-0000:
    Interface Microsoft Virtual WiFi Miniport Adapter #2-WFP LightWeight Filter-0000:
    Interface Microsoft Virtual WiFi Miniport Adapter #3-Native WiFi Filter Driver-0000:
    Interface Microsoft Virtual WiFi Miniport Adapter #3-QoS Packet Scheduler-0000:
    Interface Microsoft Virtual WiFi Miniport Adapter #3-WFP LightWeight Filter-0000:
2014-05-17 05:46:40.107+0000 INFO  [org.neo4j]: --- INITIALIZED diagnostics END ---
2014-05-17 05:46:40.686+0000 INFO  [org.neo4j]: --- SHUTDOWN diagnostics START ---
2014-05-17 05:46:40.686+0000 INFO  [org.neo4j]: --- SHUTDOWN diagnostics END ---
2014-05-17 05:47:01.892+0000 INFO  [org.neo4j]: --- INITIALIZED diagnostics START ---
2014-05-17 05:47:01.915+0000 INFO  [org.neo4j]: Neo4j Kernel properties:
    neostore.propertystore.db.mapped_memory=51M
    neostore.nodestore.db.mapped_memory=14M
    neostore.relationshipstore.db.mapped_memory=63M
    neostore.propertystore.db.strings.mapped_memory=44M
    store_dir=data
    neostore.propertystore.db.arrays.mapped_memory=50M
    ephemeral=false
2014-05-17 05:47:01.928+0000 INFO  [org.neo4j]: Diagnostics providers:
    org.neo4j.kernel.configuration.Config
    org.neo4j.kernel.info.DiagnosticsManager
    SYSTEM_MEMORY
    JAVA_MEMORY
    OPERATING_SYSTEM
    JAVA_VIRTUAL_MACHINE
    CLASSPATH
    LIBRARY_PATH
    SYSTEM_PROPERTIES
    NETWORK
2014-05-17 05:47:01.937+0000 INFO  [org.neo4j]: System memory information:
    Total Physical memory: 3.70 GB
    Free Physical memory: 934.82 MB
    Committed virtual memory: 167.55 MB
    Total swap space: 7.41 GB
    Free swap space: 3.20 GB
2014-05-17 05:47:01.941+0000 INFO  [org.neo4j]: JVM memory information:
    Free  memory: 43.41 MB
    Total memory: 72.00 MB
    Max   memory: 844.50 MB
    Garbage Collector: PS Scavenge: [PS Eden Space, PS Survivor Space]
    Garbage Collector: PS MarkSweep: [PS Eden Space, PS Survivor Space, PS Old Gen, PS Perm Gen]
    Memory Pool: Code Cache (Non-heap memory): committed=2.44 MB, used=686.38 kB, max=48.00 MB, threshold=0.00 B
    Memory Pool: PS Eden Space (Heap memory): committed=30.00 MB, used=26.46 MB, max=312.00 MB, threshold=?
    Memory Pool: PS Survivor Space (Heap memory): committed=2.50 MB, used=2.11 MB, max=2.50 MB, threshold=?
    Memory Pool: PS Old Gen (Heap memory): committed=39.50 MB, used=16.00 kB, max=633.00 MB, threshold=0.00 B
    Memory Pool: PS Perm Gen (Non-heap memory): committed=21.00 MB, used=8.09 MB, max=82.00 MB, threshold=0.00 B
2014-05-17 05:47:01.950+0000 INFO  [org.neo4j]: Operating system information:
    Operating System: Windows 7; version: 6.1; arch: amd64; cpus: 4
    Process id: 9352@work
    Byte order: LITTLE_ENDIAN
    Local timezone: Asia/Shanghai
2014-05-17 05:47:01.974+0000 INFO  [org.neo4j]: JVM information:
    VM Name: Java HotSpot(TM) 64-Bit Server VM
    VM Vendor: Oracle Corporation
    VM Version: 24.55-b03
    JIT compiler: HotSpot 64-Bit Tiered Compilers
    VM Arguments: [-Dfile.encoding=UTF-8]
2014-05-17 05:47:01.974+0000 INFO  [org.neo4j]: Java classpath:
     [loader.1] file:/D:/Program%20Files/Java/jre7/lib/ext/dnsns.jar
     [loader.1] file:/D:/Program%20Files/Java/jre7/lib/ext/zipfs.jar
     [loader.1] file:/D:/Program%20Files/Java/jre7/lib/ext/access-bridge-64.jar
     [classpath + loader.0] file:/D:/view/antsoldier/antsoldier-common/antsoldier-neo4j/lib/commons-logging-1.1.1.jar
     [classpath] E:\jar\java 监测\jnotify-lib-0.93\jnotify-lib-0.93\jnotify-0.93.jar
     [classpath + loader.0] file:/D:/ywj/ThreadPool/lib/jackson-core-asl-1.9.4.jar
     [classpath + loader.0] file:/D:/ywj/ThreadPool/lib/ojdbc6-11.1.0.7.jar
     [classpath + loader.0] file:/E:/jar/neo4j/neo4j-udc-2.0.1.jar
     [loader.1] file:/D:/Program%20Files/Java/jre7/lib/ext/sunec.jar
     [classpath + loader.0] file:/D:/view/antsoldier/antsoldier-common/antsoldier-neo4j/lib/lucene-core-3.5.0.jar
     [loader.0] file:/E:/jar/java%20%e7%9b%91%e6%b5%8b/jpathwatch-0-95.jar
     [classpath + loader.0] file:/E:/jar/neo4j/jersey-client-2.0.jar
     [classpath + loader.0] file:/D:/ywj/ThreadPool/lib/mysql-connector-java-5.1.6.jar
     [classpath + loader.0] file:/D:/view/antsoldier/antsoldier-common/antsoldier-neo4j/lib/jersey-core-1.4.jar
     [loader.1] file:/D:/Program%20Files/Java/jre7/lib/ext/localedata.jar
     [loader.0] file:/E:/jar/SSH%e6%a1%86%e6%9e%b6jar%e7%a5%9e%e5%8c%85/SSH%e6%a1%86%e6%9e%b6jar%e7%a5%9e%e5%8c%85/commons-io-1.3.2.jar
     [classpath + loader.0] file:/E:/jar/neo4j/neo4j-rest-graphdb-2.0.1.jar
     [classpath + loader.0] file:/D:/ywj/ThreadPool/lib/commons-logging-1.1.jar
     [classpath + loader.0] file:/E:/jar/neo4j/neo4j-shell-2.0.1.jar
     [classpath + loader.0] file:/D:/ywj/ThreadPool/lib/jackson-mapper-asl-1.9.4.jar
     [classpath + loader.0] file:/D:/ywj/ThreadPool/lib/log4j-1.2.12.jar
     [classpath + loader.0] file:/D:/view/antsoldier/antsoldier-common/antsoldier-neo4j/lib/jackson-jaxrs-1.9.4.jar
     [bootstrap] D:\Program Files\Java\jre7\lib\rt.jar
     [loader.0] file:/E:/jar/java%20%e7%9b%91%e6%b5%8b/jnotify-lib-0.93/jnotify-lib-0.93/jnotify-0.93.jar
     [classpath + loader.0] file:/D:/ywj/ThreadPool/lib/snmp4j-2.0.3.jar
     [classpath + loader.0] file:/E:/jar/neo4j/jersey-client-1.9.jar
     [classpath + loader.0] file:/E:/jar/neo4j/neo4j-server-2.0.1.jar
     [classpath + loader.0] file:/E:/jar/neo4j/server-api-2.0.1.jar
     [classpath + loader.0] file:/D:/view/antsoldier/antsoldier-common/antsoldier-neo4j/lib/jackson-mapper-asl-1.9.4.jar
     [bootstrap] D:\Program Files\Java\jre7\lib\jsse.jar
     [classpath + loader.0] file:/D:/view/antsoldier/antsoldier-common/antsoldier-pdk/lib/ganymed-ssh2-build210.jar
     [classpath + loader.0] file:/D:/view/antsoldier/antsoldier-common/antsoldier-neo4j/lib/commons-io-2.1.jar
     [loader.1] file:/D:/Program%20Files/Java/jre7/lib/ext/jaccess.jar
     [classpath + loader.0] file:/D:/ywj/ThreadPool/lib/httpclient-4.2.1.jar
     [bootstrap] D:\Program Files\Java\jre7\lib\sunrsasign.jar
     [classpath + loader.0] file:/E:/jar/slf4j/slf4j-api-1.5.8.jar
     [classpath + loader.0] file:/D:/ywj/ThreadPool/bin/
     [classpath + loader.0] file:/E:/jar/activemq/activemq-core-5.5.1.jar
     [classpath + loader.0] file:/D:/ywj/ThreadPool/lib/httpcore-4.2.1.jar
     [bootstrap] D:\Program Files\Java\jre7\classes
     [classpath] E:\jar\SSH框架jar神包\SSH框架jar神包\commons-io-1.3.2.jar
     [classpath + loader.0] file:/E:/jar/neo4j/neo4j-jmx-2.0.1.jar
     [classpath + loader.0] file:/E:/jar/neo4j/neo4j-kernel-2.0.0.jar
     [classpath + loader.0] file:/E:/jar/neo4j/jersey-server-1.9.jar
     [classpath + loader.0] file:/D:/view/antsoldier/antsoldier-common/antsoldier-neo4j/lib/jta-1.1.jar
     [classpath + loader.0] file:/E:/jar/activemq/geronimo-j2ee-management_1.1_spec-1.0.1.jar
     [bootstrap] D:\Program Files\Java\jre7\lib\jfr.jar
     [classpath + loader.0] file:/E:/jar/neo4j/jersey-server-2.0.jar
     [classpath + loader.0] file:/E:/jar/slf4j/slf4j-log4j12-1.5.8.jar
     [classpath + loader.0] file:/E:/jar/activemq/geronimo-jms_1.1_spec-1.1.1.jar
     [bootstrap] D:\Program Files\Java\jre7\lib\jce.jar
     [classpath + loader.0] file:/E:/jar/neo4j/neo4j-lucene-index-2.0.1.jar
     [classpath + loader.0] file:/D:/view/antsoldier/antsoldier-common/antsoldier-neo4j/lib/jersey-bundle-1.4.jar
     [classpath] E:\jar\java 监测\jpathwatch-0-95.jar
     [classpath + loader.0] file:/D:/view/antsoldier/antsoldier-common/antsoldier-neo4j/lib/jackson-core-asl-1.9.4.jar
     [classpath + loader.0] file:/D:/ywj/ThreadPool/lib/commons-lang-3.0-SNAPSHOT.jar
     [loader.1] file:/D:/Program%20Files/Java/jre7/lib/ext/sunmscapi.jar
     [loader.1] file:/D:/Program%20Files/Java/jre7/lib/ext/sunjce_provider.jar
     [bootstrap] D:\Program Files\Java\jre7\lib\resources.jar
     [bootstrap] D:\Program Files\Java\jre7\lib\charsets.jar
     [classpath + loader.0] file:/D:/view/antsoldier/antsoldier-common/antsoldier-neo4j/lib/junit-4.6.jar
2014-05-17 05:47:01.979+0000 INFO  [org.neo4j]: Library path:
    D:\Program Files\Java\jre7\bin
    C:\Windows\Sun\Java\bin
    C:\Windows\System32
    C:\Windows
    D:\Program Files (x86)\Java\jre6\bin\client
    D:\Program Files (x86)\Java\jre6\bin
    D:\Program Files (x86)\Java\jre6\lib\i386
    C:\Windows\System32
    C:\Windows
    C:\Windows\System32\wbem
    C:\Windows\System32\WindowsPowerShell\v1.0
    C:\Program Files\Intel\INTEL(R) MANAGEMENT ENGINE COMPONENTS\DAL
    C:\Program Files\Intel\INTEL(R) MANAGEMENT ENGINE COMPONENTS\IPT
    C:\Program Files (x86)\Intel\INTEL(R) MANAGEMENT ENGINE COMPONENTS\DAL
    C:\Program Files (x86)\Intel\INTEL(R) MANAGEMENT ENGINE COMPONENTS\IPT
    D:\ywj\ThreadPool
    D:\Program Files (x86)\Java\jdk1.6.0_10\bin
    D:\Program Files (x86)\Java\jdk1.6.0_10\jre\bin
    D:\Program Files (x86)\apache-maven-2.2.1\apache-maven-2.2.1\bin
    C:\Program Files (x86)\Intel\OpenCL SDK\3.0\bin\x86
    C:\Program Files (x86)\Intel\OpenCL SDK\3.0\bin\x64
    D:\Program Files (x86)\Git\cmd
    D:\Program Files (x86)\MySQL\MySQL Server 5.0\bin
    D:\Program Files\TortoiseGit\bin
    C:\Program Files\Intel\WiFi\bin
    C:\Program Files\Common Files\Intel\WirelessCommon
    D:\Program Files (x86)\SSH Communications Security\SSH Secure Shell
    D:\Program Files (x86)\MySQL\MySQL Server 5.0\bin
    C:\Program Files\Intel\WiFi\bin
    C:\Program Files\Common Files\Intel\WirelessCommon
    D:\Program Files (x86)\neo4j-community-1.7-windows\neo4j-community-1.7\bin\Neo4j.bat
    E:\eclipse-jee-kepler-SR1-win32\eclipse
    D:\ywj\ThreadPool
    D:\ywj\ThreadPool
2014-05-17 05:47:01.986+0000 INFO  [org.neo4j]: System.properties:
    sun.boot.library.path = D:\Program Files\Java\jre7\bin
    path.separator = ;
    file.encoding.pkg = sun.io
    user.country = CN
    user.script = 
    sun.java.launcher = SUN_STANDARD
    sun.os.patch.level = Service Pack 1
    user.dir = D:\ywj\ThreadPool
    user.variant = 
    sun.jnu.encoding = GBK
    sun.management.compiler = HotSpot 64-Bit Tiered Compilers
    user.home = C:\Users\Administrator
    user.timezone = Asia/Shanghai
    file.encoding = UTF-8
    user.name = Administrator
    sun.java.command = neo4j.TestNeo4j
    sun.arch.data.model = 64
    user.language = zh
    awt.toolkit = sun.awt.windows.WToolkit
    file.separator = \
    sun.io.unicode.encoding = UnicodeLittle
    sun.cpu.endian = little
    sun.desktop = windows
    sun.cpu.isalist = amd64
2014-05-17 05:47:01.987+0000 INFO  [org.neo4j]: Network information:
    Interface Software Loopback Interface 1:
        address: 127.0.0.1
        address: 0:0:0:0:0:0:0:1
    Interface WAN Miniport (SSTP):
    Interface WAN Miniport (L2TP):
    Interface WAN Miniport (PPTP):
    Interface WAN Miniport (PPPOE):
    Interface WAN Miniport (IPv6):
    Interface WAN Miniport (Network Monitor):
    Interface WAN Miniport (IP):
    Interface RAS Async Adapter:
    Interface WAN Miniport (IKEv2):
    Interface Intel(R) 82579LM Gigabit Network Connection:
    Interface Teredo Tunneling Pseudo-Interface:
    Interface Intel(R) Centrino(R) Wireless-N 2200:
    Interface Bluetooth 设备(个人区域网):
        address: fe80:0:0:0:ac71:1253:b20a:8091%14
    Interface Bluetooth 设备(RFCOMM 协议 TDI):
    Interface Teredo Tunneling Pseudo-Interface:
    Interface Teredo Tunneling Pseudo-Interface:
    Interface Microsoft Virtual WiFi Miniport Adapter:
    Interface Teredo Tunneling Pseudo-Interface:
    Interface Teredo Tunneling Pseudo-Interface:
    Interface Teredo Tunneling Pseudo-Interface:
    Interface Teredo Tunneling Pseudo-Interface:
    Interface Teredo Tunneling Pseudo-Interface:
    Interface Teredo Tunneling Pseudo-Interface:
    Interface Teredo Tunneling Pseudo-Interface:
    Interface Teredo Tunneling Pseudo-Interface:
    Interface Teredo Tunneling Pseudo-Interface:
    Interface Teredo Tunneling Pseudo-Interface:
    Interface Teredo Tunneling Pseudo-Interface:
    Interface Teredo Tunneling Pseudo-Interface:
    Interface Teredo Tunneling Pseudo-Interface:
    Interface Teredo Tunneling Pseudo-Interface:
    Interface Teredo Tunneling Pseudo-Interface:
    Interface Teredo Tunneling Pseudo-Interface:
    Interface Teredo Tunneling Pseudo-Interface:
    Interface Teredo Tunneling Pseudo-Interface:
    Interface Teredo Tunneling Pseudo-Interface:
    Interface Teredo Tunneling Pseudo-Interface:
    Interface Teredo Tunneling Pseudo-Interface:
    Interface Teredo Tunneling Pseudo-Interface:
    Interface Teredo Tunneling Pseudo-Interface:
    Interface Teredo Tunneling Pseudo-Interface:
    Interface Teredo Tunneling Pseudo-Interface:
    Interface Teredo Tunneling Pseudo-Interface:
    Interface Teredo Tunneling Pseudo-Interface:
    Interface Teredo Tunneling Pseudo-Interface:
    Interface Teredo Tunneling Pseudo-Interface:
    Interface Teredo Tunneling Pseudo-Interface:
    Interface Teredo Tunneling Pseudo-Interface:
    Interface Teredo Tunneling Pseudo-Interface:
    Interface Teredo Tunneling Pseudo-Interface:
    Interface Teredo Tunneling Pseudo-Interface:
    Interface Teredo Tunneling Pseudo-Interface:
    Interface Teredo Tunneling Pseudo-Interface:
    Interface Teredo Tunneling Pseudo-Interface:
        address: fe80:0:0:0:0:100:7f:fffe%55
    Interface VMware Virtual Ethernet Adapter for VMnet1:
        address: 192.168.1.123
        address: fe80:0:0:0:2d7d:399a:e406:e7d5%56
    Interface VMware Virtual Ethernet Adapter for VMnet8:
        address: 192.168.129.1
        address: fe80:0:0:0:445a:273d:3926:d3cf%57
    Interface MAC Bridge Miniport:
    Interface Microsoft ISATAP Adapter #3:
        address: fe80:0:0:0:0:5efe:c0a8:8101%59
    Interface Intel(R) Centrino(R) Wireless-N 2200 #2:
        address: 192.168.1.106
        address: fe80:0:0:0:c0de:4489:76d3:dd1e%60
    Interface Microsoft Virtual WiFi Miniport Adapter #2:
        address: fe80:0:0:0:84e6:b591:57b4:f9d8%61
    Interface Microsoft Virtual WiFi Miniport Adapter #3:
        address: fe80:0:0:0:c541:9ae2:b499:956f%62
    Interface Microsoft 6to4 Adapter #2:
    Interface Microsoft ISATAP Adapter #4:
        address: fe80:0:0:0:0:5efe:c0a8:17b%64
    Interface Microsoft ISATAP Adapter #7:
    Interface Microsoft ISATAP Adapter #2:
    Interface Microsoft ISATAP Adapter:
    Interface Microsoft ISATAP Adapter #5:
        address: fe80:0:0:0:0:5efe:c0a8:16a%68
    Interface Intel(R) 82579LM Gigabit Network Connection-QoS Packet Scheduler-0000:
    Interface Intel(R) 82579LM Gigabit Network Connection-WFP LightWeight Filter-0000:
    Interface Intel(R) Centrino(R) Wireless-N 2200 #2-Virtual WiFi Filter Driver-0000:
    Interface Intel(R) Centrino(R) Wireless-N 2200 #2-QoS Packet Scheduler-0000:
    Interface WAN Miniport (Network Monitor)-QoS Packet Scheduler-0000:
    Interface WAN Miniport (IP)-QoS Packet Scheduler-0000:
    Interface WAN Miniport (IPv6)-QoS Packet Scheduler-0000:
    Interface Intel(R) Centrino(R) Wireless-N 2200 #2-Native WiFi Filter Driver-0000:
    Interface Intel(R) Centrino(R) Wireless-N 2200 #2-WFP LightWeight Filter-0000:
    Interface Microsoft Virtual WiFi Miniport Adapter #2-Native WiFi Filter Driver-0000:
    Interface Microsoft Virtual WiFi Miniport Adapter #2-QoS Packet Scheduler-0000:
    Interface Microsoft Virtual WiFi Miniport Adapter #2-WFP LightWeight Filter-0000:
    Interface Microsoft Virtual WiFi Miniport Adapter #3-Native WiFi Filter Driver-0000:
    Interface Microsoft Virtual WiFi Miniport Adapter #3-QoS Packet Scheduler-0000:
    Interface Microsoft Virtual WiFi Miniport Adapter #3-WFP LightWeight Filter-0000:
2014-05-17 05:47:02.707+0000 INFO  [org.neo4j]: --- INITIALIZED diagnostics END ---
2014-05-17 05:47:02.723+0000 INFO  [org.neo4j]: --- SHUTDOWN diagnostics START ---
2014-05-17 05:47:02.723+0000 INFO  [org.neo4j]: --- SHUTDOWN diagnostics END ---
